<?xml version="1.0" encoding="UTF-8"?>
<testng-results skipped="0" failed="0" ignored="0" total="1" passed="1">
  <reporter-output>
  </reporter-output>
  <suite name="Default suite" duration-ms="82" started-at="2020-12-22T19:44:02 IST" finished-at="2020-12-22T19:44:02 IST">
    <groups>
    </groups>
    <test name="Default test" duration-ms="82" started-at="2020-12-22T19:44:02 IST" finished-at="2020-12-22T19:44:02 IST">
      <class name="com.swiggy.order.Createorder">
        <test-method status="PASS" signature="order()[pri:0, instance:com.swiggy.order.Createorder@6321e813]" name="order" duration-ms="15" started-at="2020-12-22T19:44:02 IST" finished-at="2020-12-22T19:44:02 IST">
          <reporter-output>
          </reporter-output>
        </test-method> <!-- order -->
      </class> <!-- com.swiggy.order.Createorder -->
    </test> <!-- Default test -->
  </suite> <!-- Default suite -->
</testng-results>
