<?xml version="1.0" encoding="UTF-8"?>
<testng-results skipped="0" failed="0" ignored="0" total="1" passed="1">
  <reporter-output>
  </reporter-output>
  <suite name="com.swiggy.order.CreateorderTest" duration-ms="119" started-at="2020-12-22T15:29:00Z" finished-at="2020-12-22T15:29:00Z">
    <groups>
    </groups>
    <test name="Command line test" duration-ms="119" started-at="2020-12-22T15:29:00Z" finished-at="2020-12-22T15:29:00Z">
      <class name="com.swiggy.order.CreateorderTest">
        <test-method status="PASS" signature="order()[pri:0, instance:com.swiggy.order.CreateorderTest@6b143ee9]" name="order" duration-ms="33" started-at="2020-12-22T15:29:00Z" finished-at="2020-12-22T15:29:00Z">
          <reporter-output>
          </reporter-output>
        </test-method> <!-- order -->
      </class> <!-- com.swiggy.order.CreateorderTest -->
    </test> <!-- Command line test -->
  </suite> <!-- com.swiggy.order.CreateorderTest -->
</testng-results>
